[01-06-2026  2:00:03.43] Starting backup K: to L: 

-------------------------------------------------------------------------------
   ROBOCOPY     ::     Robust File Copy for Windows                              
-------------------------------------------------------------------------------

  Started : 01 June 2026 02:00:03
   Source : K:\nextcloud-data\
     Dest = L:\nextcloud-backup\

    Files : *.*
	    
  Options : *.* /TEE /S /E /DCOPY:DA /COPY:DAT /PURGE /MIR /Z /MT:8 /R:3 /W:10 

------------------------------------------------------------------------------

2026/06/01 02:00:03 ERROR 2 (0x00000002) Accessing Source Directory K:\nextcloud-data\
The system cannot find the file specified.
[01-06-2026  2:00:03.55] Backup complete 
[05-06-2026  2:00:02.65] Starting backup K: to L: 

-------------------------------------------------------------------------------
   ROBOCOPY     ::     Robust File Copy for Windows                              
-------------------------------------------------------------------------------

  Started : 05 June 2026 02:00:02
   Source : K:\nextcloud-data\
     Dest = L:\nextcloud-backup\

    Files : *.*
	    
  Options : *.* /TEE /S /E /DCOPY:DA /COPY:DAT /PURGE /MIR /Z /MT:8 /R:3 /W:10 

------------------------------------------------------------------------------

2026/06/05 02:00:02 ERROR 2 (0x00000002) Accessing Source Directory K:\nextcloud-data\
The system cannot find the file specified.
[05-06-2026  2:00:02.80] Backup complete 
